<?xml version="1.0" encoding="UTF-8"?>
<testng-results ignored="0" total="1" passed="1" failed="0" skipped="0">
  <reporter-output>
  </reporter-output>
  <suite started-at="2026-02-26T14:17:39 GMT+06:00" name="Default suite" finished-at="2026-02-26T14:17:54 GMT+06:00" duration-ms="14313">
    <groups>
    </groups>
    <test started-at="2026-02-26T14:17:39 GMT+06:00" name="Default test" finished-at="2026-02-26T14:17:54 GMT+06:00" duration-ms="14313">
      <class name="testCases.TC01_AccountRegistrationTest">
        <test-method is-config="true" signature="setup()[pri:0, instance:testCases.TC01_AccountRegistrationTest@3c3d9b6b]" started-at="2026-02-26T14:17:39 GMT+06:00" name="setup" finished-at="2026-02-26T14:17:43 GMT+06:00" duration-ms="4057" status="PASS">
          <reporter-output>
          </reporter-output>
        </test-method> <!-- setup -->
        <test-method signature="registrationOnAccount()[pri:0, instance:testCases.TC01_AccountRegistrationTest@3c3d9b6b]" started-at="2026-02-26T14:17:43 GMT+06:00" name="registrationOnAccount" finished-at="2026-02-26T14:17:53 GMT+06:00" duration-ms="10091" status="PASS">
          <reporter-output>
          </reporter-output>
        </test-method> <!-- registrationOnAccount -->
        <test-method is-config="true" signature="tearDown()[pri:0, instance:testCases.TC01_AccountRegistrationTest@3c3d9b6b]" started-at="2026-02-26T14:17:53 GMT+06:00" name="tearDown" finished-at="2026-02-26T14:17:54 GMT+06:00" duration-ms="136" status="PASS">
          <reporter-output>
          </reporter-output>
        </test-method> <!-- tearDown -->
      </class> <!-- testCases.TC01_AccountRegistrationTest -->
    </test> <!-- Default test -->
  </suite> <!-- Default suite -->
</testng-results>
